2025-05-28 15:17:12,983 - __main__ - INFO - ============================================================
2025-05-28 15:17:12,983 - __main__ - INFO - EU CLIMATE RISK ASSESSMENT SYSTEM
2025-05-28 15:17:12,983 - __main__ - INFO - ============================================================
2025-05-28 15:17:12,983 - __main__ - INFO - Project initialized with data directory: data
2025-05-28 15:17:12,985 - __main__ - INFO - 
========================================
2025-05-28 15:17:12,985 - __main__ - INFO - HAZARD LAYER ANALYSIS
2025-05-28 15:17:12,985 - __main__ - INFO - ========================================
2025-05-28 15:17:12,985 - __main__ - ERROR - Error during analysis: DEM file not found: data\ClippedCopernicusHeightProfile.tif
2025-05-28 15:17:19,906 - __main__ - INFO - ============================================================
2025-05-28 15:17:19,906 - __main__ - INFO - EU CLIMATE RISK ASSESSMENT SYSTEM
2025-05-28 15:17:19,906 - __main__ - INFO - ============================================================
2025-05-28 15:17:19,906 - __main__ - INFO - Project initialized with data directory: data
2025-05-28 15:17:19,906 - __main__ - INFO - 
========================================
2025-05-28 15:17:19,908 - __main__ - INFO - HAZARD LAYER ANALYSIS
2025-05-28 15:17:19,908 - __main__ - INFO - ========================================
2025-05-28 15:17:19,908 - __main__ - ERROR - Error during analysis: DEM file not found: data\ClippedCopernicusHeightProfile.tif
2025-06-01 21:12:51,157 - __main__ - INFO - ============================================================
2025-06-01 21:12:51,157 - __main__ - INFO - EU CLIMATE RISK ASSESSMENT SYSTEM
2025-06-01 21:12:51,157 - __main__ - INFO - ============================================================
2025-06-01 21:12:51,157 - __main__ - INFO - Project initialized with data directory: data
2025-06-01 21:12:51,157 - __main__ - INFO - 
========================================
2025-06-01 21:12:51,157 - __main__ - INFO - HAZARD LAYER ANALYSIS
2025-06-01 21:12:51,157 - __main__ - INFO - ========================================
2025-06-01 21:12:51,157 - __main__ - ERROR - Error during analysis: Required file not found: data/ClippedCopernicusHeightProfile.tif
2025-06-01 21:13:03,543 - __main__ - INFO - ============================================================
2025-06-01 21:13:03,543 - __main__ - INFO - EU CLIMATE RISK ASSESSMENT SYSTEM
2025-06-01 21:13:03,543 - __main__ - INFO - ============================================================
2025-06-01 21:13:03,543 - __main__ - INFO - Project initialized with data directory: data
2025-06-01 21:13:03,543 - __main__ - INFO - 
========================================
2025-06-01 21:13:03,543 - __main__ - INFO - HAZARD LAYER ANALYSIS
2025-06-01 21:13:03,543 - __main__ - INFO - ========================================
2025-06-01 21:13:03,543 - __main__ - ERROR - Error during analysis: Required file not found: data/ClippedCopernicusHeightProfile.tif
2025-06-01 21:16:16,387 - __main__ - INFO - ============================================================
2025-06-01 21:16:16,388 - __main__ - INFO - EU CLIMATE RISK ASSESSMENT SYSTEM
2025-06-01 21:16:16,388 - __main__ - INFO - ============================================================
2025-06-01 21:16:16,388 - __main__ - INFO - Project initialized with data directory: data
2025-06-01 21:16:16,388 - __main__ - INFO - 
========================================
2025-06-01 21:16:16,388 - __main__ - INFO - HAZARD LAYER ANALYSIS
2025-06-01 21:16:16,388 - __main__ - INFO - ========================================
2025-06-01 21:16:16,388 - __main__ - ERROR - Error during analysis: Required file not found: data/ClippedCopernicusHeightProfile.tif
2025-06-01 21:17:04,574 - __main__ - INFO - ============================================================
2025-06-01 21:17:04,574 - __main__ - INFO - EU CLIMATE RISK ASSESSMENT SYSTEM
2025-06-01 21:17:04,574 - __main__ - INFO - ============================================================
2025-06-01 21:17:04,574 - __main__ - INFO - Project initialized with data directory: data
2025-06-01 21:17:04,574 - __main__ - INFO - 
========================================
2025-06-01 21:17:04,574 - __main__ - INFO - HAZARD LAYER ANALYSIS
2025-06-01 21:17:04,574 - __main__ - INFO - ========================================
2025-06-01 21:17:04,574 - __main__ - ERROR - Error during analysis: Required file not found: data/ClippedCopernicusHeightProfile.tif
2025-06-01 21:18:51,654 - __main__ - INFO - ============================================================
2025-06-01 21:18:51,659 - __main__ - INFO - EU CLIMATE RISK ASSESSMENT SYSTEM
2025-06-01 21:18:51,659 - __main__ - INFO - ============================================================
2025-06-01 21:18:51,659 - __main__ - INFO - Project initialized with data directory: data
2025-06-01 21:18:51,659 - __main__ - INFO - 
========================================
2025-06-01 21:18:51,659 - __main__ - INFO - HAZARD LAYER ANALYSIS
2025-06-01 21:18:51,660 - __main__ - INFO - ========================================
2025-06-01 21:18:51,660 - __main__ - ERROR - Error during analysis: Required file not found: data/ClippedCopernicusHeightProfile.tif
2025-06-01 21:18:58,478 - __main__ - INFO - ============================================================
2025-06-01 21:18:58,478 - __main__ - INFO - EU CLIMATE RISK ASSESSMENT SYSTEM
2025-06-01 21:18:58,478 - __main__ - INFO - ============================================================
2025-06-01 21:18:58,478 - __main__ - INFO - Project initialized with data directory: data
2025-06-01 21:18:58,478 - __main__ - INFO - 
========================================
2025-06-01 21:18:58,478 - __main__ - INFO - HAZARD LAYER ANALYSIS
2025-06-01 21:18:58,478 - __main__ - INFO - ========================================
2025-06-01 21:18:58,478 - __main__ - ERROR - Error during analysis: Required file not found: data/ClippedCopernicusHeightProfile.tif
2025-06-01 21:19:48,733 - __main__ - INFO - ============================================================
2025-06-01 21:19:48,733 - __main__ - INFO - EU CLIMATE RISK ASSESSMENT SYSTEM
2025-06-01 21:19:48,733 - __main__ - INFO - ============================================================
2025-06-01 21:19:48,733 - __main__ - INFO - Project initialized with data directory: data
2025-06-01 21:19:48,733 - __main__ - INFO - 
========================================
2025-06-01 21:19:48,733 - __main__ - INFO - HAZARD LAYER ANALYSIS
2025-06-01 21:19:48,733 - __main__ - INFO - ========================================
2025-06-01 21:19:48,733 - __main__ - ERROR - Error during analysis: Required file not found: data/ClippedCopernicusHeightProfile.tif
2025-06-01 21:45:29,441 - __main__ - INFO - ============================================================
2025-06-01 21:45:29,441 - __main__ - INFO - EU CLIMATE RISK ASSESSMENT SYSTEM
2025-06-01 21:45:29,441 - __main__ - INFO - ============================================================
2025-06-01 21:45:29,441 - __main__ - INFO - Project initialized with data directory: /Users/tjarkgerken/eu-data/code/data
2025-06-01 21:45:29,441 - __main__ - INFO - Output directory: /Users/tjarkgerken/eu-data/code/output
2025-06-01 21:45:29,441 - __main__ - INFO - Workspace root: /Users/tjarkgerken/eu-data/code
2025-06-01 21:45:29,441 - __main__ - INFO - Project initialized with data directory: /Users/tjarkgerken/eu-data/code/data
2025-06-01 21:45:29,441 - __main__ - INFO - 
========================================
2025-06-01 21:45:29,441 - __main__ - INFO - HAZARD LAYER ANALYSIS
2025-06-01 21:45:29,441 - __main__ - INFO - ========================================
2025-06-01 21:45:29,441 - __main__ - INFO - Initialized Hazard Layer with DEM and river data
2025-06-01 21:45:29,441 - __main__ - INFO - Processing 3 sea level rise scenarios...
2025-06-01 21:45:29,441 - __main__ - INFO - Loading DEM data...
2025-06-01 21:45:29,583 - __main__ - INFO - DEM Statistics:
2025-06-01 21:45:29,584 - __main__ - INFO -   Shape: (4800, 4000)
2025-06-01 21:45:29,584 - __main__ - INFO -   Resolution: 0.00 x 0.00 meters
2025-06-01 21:45:29,596 - __main__ - INFO -   Min elevation: -292.64m
2025-06-01 21:45:29,599 - __main__ - INFO -   Max elevation: 731.89m
2025-06-01 21:45:29,604 - __main__ - INFO -   Mean elevation: 70.53m
2025-06-01 21:45:29,604 - __main__ - INFO -   Coverage: 100.0%
2025-06-01 21:45:29,608 - __main__ - INFO - Processing scenario: Conservative (1.0m)
2025-06-01 21:45:29,608 - __main__ - INFO - Calculating flood extent for 1.0m sea level rise...
2025-06-01 21:45:29,617 - __main__ - INFO - Loading river network data...
2025-06-01 21:45:29,898 - __main__ - WARNING - Could not process river data: Cannot transform naive geometries.  Please set a crs on the object first.
2025-06-01 21:45:29,898 - __main__ - WARNING - Proceeding with basic flood model without river influence
2025-06-01 21:45:30,645 - __main__ - INFO -   Flooded area: 5956.11 km²
2025-06-01 21:45:30,645 - __main__ - INFO -   Flood percentage: 34.47%
2025-06-01 21:45:30,648 - __main__ - INFO - Processing scenario: Moderate (2.0m)
2025-06-01 21:45:30,648 - __main__ - INFO - Calculating flood extent for 2.0m sea level rise...
2025-06-01 21:45:30,655 - __main__ - INFO - Loading river network data...
2025-06-01 21:45:30,769 - __main__ - WARNING - Could not process river data: Cannot transform naive geometries.  Please set a crs on the object first.
2025-06-01 21:45:30,769 - __main__ - WARNING - Proceeding with basic flood model without river influence
2025-06-01 21:45:31,498 - __main__ - INFO -   Flooded area: 6355.89 km²
2025-06-01 21:45:31,498 - __main__ - INFO -   Flood percentage: 36.78%
2025-06-01 21:45:31,501 - __main__ - INFO - Processing scenario: Severe (3.0m)
2025-06-01 21:45:31,501 - __main__ - INFO - Calculating flood extent for 3.0m sea level rise...
2025-06-01 21:45:31,508 - __main__ - INFO - Loading river network data...
2025-06-01 21:45:31,624 - __main__ - WARNING - Could not process river data: Cannot transform naive geometries.  Please set a crs on the object first.
2025-06-01 21:45:31,624 - __main__ - WARNING - Proceeding with basic flood model without river influence
2025-06-01 21:45:32,349 - __main__ - INFO -   Flooded area: 6752.18 km²
2025-06-01 21:45:32,349 - __main__ - INFO -   Flood percentage: 39.08%
2025-06-01 21:45:32,352 - __main__ - INFO - Completed processing all scenarios
2025-06-01 21:45:32,352 - __main__ - INFO - Creating hazard assessment visualizations...
2025-06-01 21:45:32,352 - __main__ - INFO - Loading NUTS boundaries from: NUTS-L3-NL.shp
2025-06-01 21:45:32,368 - __main__ - INFO -   Loaded 40 administrative units
2025-06-01 21:45:32,369 - __main__ - INFO -   Original CRS: EPSG:3035
2025-06-01 21:45:40,427 - __main__ - INFO - Saved hazard assessment visualization to: /Users/tjarkgerken/eu-data/code/output/hazard_layer_assessment.png
2025-06-01 21:45:48,452 - __main__ - INFO - Exporting hazard assessment results...
2025-06-01 21:45:48,684 - __main__ - INFO - Exported Conservative flood extent to: /Users/tjarkgerken/eu-data/code/output/flood_extent_conservative.tif
2025-06-01 21:45:48,777 - __main__ - INFO - Exported Moderate flood extent to: /Users/tjarkgerken/eu-data/code/output/flood_extent_moderate.tif
2025-06-01 21:45:48,864 - __main__ - INFO - Exported Severe flood extent to: /Users/tjarkgerken/eu-data/code/output/flood_extent_severe.tif
2025-06-01 21:45:48,942 - __main__ - INFO - Exported summary statistics to: /Users/tjarkgerken/eu-data/code/output/hazard_assessment_summary.csv
2025-06-01 21:45:48,942 - __main__ - INFO - 
========================================
2025-06-01 21:45:48,942 - __main__ - INFO - EXPOSITION LAYER ANALYSIS
2025-06-01 21:45:48,942 - __main__ - INFO - ========================================
2025-06-01 21:45:48,942 - __main__ - INFO - Initialized Exposition Layer
2025-06-01 21:45:48,942 - __main__ - INFO - 
========================================
2025-06-01 21:45:48,942 - __main__ - INFO - RISK ASSESSMENT INTEGRATION
2025-06-01 21:45:48,942 - __main__ - INFO - ========================================
2025-06-01 21:45:48,942 - __main__ - INFO - Initialized Hazard Layer with DEM and river data
2025-06-01 21:45:48,942 - __main__ - INFO - Initialized Exposition Layer
2025-06-01 21:45:48,942 - __main__ - INFO - Initialized Risk Assessment System
2025-06-01 21:45:48,942 - __main__ - INFO - Preparing hazard data...
2025-06-01 21:45:48,942 - __main__ - INFO - Loading DEM data...
2025-06-01 21:45:48,996 - __main__ - INFO - DEM Statistics:
2025-06-01 21:45:48,996 - __main__ - INFO -   Shape: (4800, 4000)
2025-06-01 21:45:48,996 - __main__ - INFO -   Resolution: 0.00 x 0.00 meters
2025-06-01 21:45:48,999 - __main__ - INFO -   Min elevation: -292.64m
2025-06-01 21:45:49,000 - __main__ - INFO -   Max elevation: 731.89m
2025-06-01 21:45:49,004 - __main__ - INFO -   Mean elevation: 70.53m
2025-06-01 21:45:49,004 - __main__ - INFO -   Coverage: 100.0%
2025-06-01 21:45:49,008 - __main__ - INFO - Preparing exposition data...
2025-06-01 21:45:49,008 - __main__ - INFO - Loading building data...
2025-06-01 21:45:53,767 - __main__ - INFO - Resampling GHS Built S data to match GHS Built C...
2025-06-01 21:46:21,581 - __main__ - INFO - GHS Built C Statistics:
2025-06-01 21:46:21,585 - __main__ - INFO -   Shape: (41222, 39286)
2025-06-01 21:46:23,420 - __main__ - INFO -   Min value: 0.00
2025-06-01 21:46:25,537 - __main__ - INFO -   Max value: 25.00
2025-06-01 21:46:27,578 - __main__ - INFO -   Mean value: 0.87
2025-06-01 21:46:27,579 - __main__ - INFO -   Coverage: 100.0%
2025-06-01 21:46:54,275 - __main__ - INFO - GHS Built S Statistics:
2025-06-01 21:46:54,299 - __main__ - INFO -   Shape: (41222, 39286)
2025-06-01 21:47:12,920 - __main__ - INFO -   Min value: 0.00
2025-06-01 21:47:15,338 - __main__ - INFO -   Max value: 10000.00
2025-06-01 21:47:17,477 - __main__ - INFO -   Mean value: 369.82
2025-06-01 21:47:17,481 - __main__ - INFO -   Coverage: 100.0%
2025-06-01 21:47:17,633 - __main__ - ERROR - Error during analysis: 'ExpositionLayer' object has no attribute 'load_population_data'
