2025-05-28 14:41:31,894 - __main__ - INFO - ============================================================
2025-05-28 14:41:31,895 - __main__ - INFO - EU CLIMATE RISK ASSESSMENT SYSTEM
2025-05-28 14:41:31,895 - __main__ - INFO - ============================================================
2025-05-28 14:41:31,896 - __main__ - INFO - Project initialized with data directory: data
2025-05-28 14:41:31,896 - __main__ - INFO - 
========================================
2025-05-28 14:41:31,897 - __main__ - INFO - HAZARD LAYER ANALYSIS
2025-05-28 14:41:31,897 - __main__ - INFO - ========================================
2025-05-28 14:41:31,897 - __main__ - INFO - Initialized Hazard Layer with DEM: data\ClippedCopernicusHeightProfile.tif
2025-05-28 14:41:31,897 - __main__ - INFO - Processing 3 sea level rise scenarios...
2025-05-28 14:41:31,897 - __main__ - INFO - Loading and preparing DEM data...
2025-05-28 14:41:32,057 - __main__ - INFO - DEM Statistics:
2025-05-28 14:41:32,057 - __main__ - INFO -   Shape: (4800, 4000)
2025-05-28 14:41:32,059 - __main__ - INFO -   Min elevation: -292.64m
2025-05-28 14:41:32,061 - __main__ - INFO -   Max elevation: 731.89m
2025-05-28 14:41:32,072 - __main__ - INFO -   Mean elevation: 70.53m
2025-05-28 14:41:32,072 - __main__ - INFO -   Original CRS: EPSG:4326
2025-05-28 14:41:32,084 - __main__ - INFO - Processing scenario: Conservative (1.0m)
2025-05-28 14:41:32,084 - __main__ - INFO - Calculating flood extent for 1.0m sea level rise...
2025-05-28 14:41:32,126 - __main__ - INFO -   Flooded area: -1617.71 km²
2025-05-28 14:41:32,127 - __main__ - INFO -   Flood percentage: -1615.60%
2025-05-28 14:41:32,131 - __main__ - INFO - Processing scenario: Moderate (2.0m)
2025-05-28 14:41:32,131 - __main__ - INFO - Calculating flood extent for 2.0m sea level rise...
2025-05-28 14:41:32,174 - __main__ - INFO -   Flooded area: -1311.07 km²
2025-05-28 14:41:32,174 - __main__ - INFO -   Flood percentage: -1309.35%
2025-05-28 14:41:32,174 - __main__ - INFO - Processing scenario: Severe (3.0m)
2025-05-28 14:41:32,174 - __main__ - INFO - Calculating flood extent for 3.0m sea level rise...
2025-05-28 14:41:32,230 - __main__ - INFO -   Flooded area: -1084.49 km²
2025-05-28 14:41:32,230 - __main__ - INFO -   Flood percentage: -1083.07%
2025-05-28 14:41:32,239 - __main__ - INFO - Completed processing all scenarios
2025-05-28 14:41:32,240 - __main__ - INFO - Creating hazard assessment visualizations...
2025-05-28 14:41:39,653 - __main__ - INFO - Saved hazard assessment visualization to: output\hazard_layer_assessment.png
2025-05-28 14:43:05,715 - __main__ - INFO - Exporting hazard assessment results...
2025-05-28 14:43:05,778 - __main__ - INFO - Exported Conservative flood extent to: output\flood_extent_conservative.tif
2025-05-28 14:43:05,844 - __main__ - INFO - Exported Moderate flood extent to: output\flood_extent_moderate.tif
2025-05-28 14:43:05,904 - __main__ - INFO - Exported Severe flood extent to: output\flood_extent_severe.tif
2025-05-28 14:43:05,968 - __main__ - INFO - Exported summary statistics to: output\hazard_assessment_summary.csv
2025-05-28 14:43:05,968 - __main__ - INFO - 
========================================
2025-05-28 14:43:05,968 - __main__ - INFO - EXPOSITION LAYER ANALYSIS
2025-05-28 14:43:05,968 - __main__ - INFO - ========================================
2025-05-28 14:43:05,984 - __main__ - INFO - Exposition Layer initialized (placeholder)
2025-05-28 14:43:05,984 - __main__ - INFO - 
========================================
2025-05-28 14:43:05,984 - __main__ - INFO - RISK ASSESSMENT INTEGRATION
2025-05-28 14:43:05,984 - __main__ - INFO - ========================================
2025-05-28 14:43:05,984 - __main__ - INFO - Initialized Hazard Layer with DEM: data\ClippedCopernicusHeightProfile.tif
2025-05-28 14:43:05,984 - __main__ - INFO - Exposition Layer initialized (placeholder)
2025-05-28 14:43:05,984 - __main__ - INFO - Risk Assessment layer initialized
2025-05-28 14:43:05,984 - __main__ - INFO - 
============================================================
2025-05-28 14:43:05,984 - __main__ - INFO - ANALYSIS COMPLETE
2025-05-28 14:43:05,984 - __main__ - INFO - ============================================================
2025-05-28 14:43:05,984 - __main__ - INFO - Results saved to: output
2025-05-28 14:43:20,737 - main - INFO - Initialized Hazard Layer with DEM: data\ClippedCopernicusHeightProfile.tif
2025-05-28 14:43:20,737 - main - INFO - Loading and preparing DEM data...
2025-05-28 14:43:20,838 - main - INFO - DEM Statistics:
2025-05-28 14:43:20,838 - main - INFO -   Shape: (4800, 4000)
2025-05-28 14:43:20,840 - main - INFO -   Min elevation: -292.64m
2025-05-28 14:43:20,844 - main - INFO -   Max elevation: 731.89m
2025-05-28 14:43:20,847 - main - INFO -   Mean elevation: 70.53m
2025-05-28 14:43:20,847 - main - INFO -   Original CRS: EPSG:4326
2025-05-28 14:43:38,512 - __main__ - INFO - ============================================================
2025-05-28 14:43:38,512 - __main__ - INFO - EU CLIMATE RISK ASSESSMENT SYSTEM
2025-05-28 14:43:38,512 - __main__ - INFO - ============================================================
2025-05-28 14:43:38,512 - __main__ - INFO - Project initialized with data directory: data
2025-05-28 14:43:38,512 - __main__ - INFO - 
========================================
2025-05-28 14:43:38,512 - __main__ - INFO - HAZARD LAYER ANALYSIS
2025-05-28 14:43:38,512 - __main__ - INFO - ========================================
2025-05-28 14:43:38,512 - __main__ - INFO - Initialized Hazard Layer with DEM: data\ClippedCopernicusHeightProfile.tif
2025-05-28 14:43:38,512 - __main__ - INFO - Processing 3 sea level rise scenarios...
2025-05-28 14:43:38,512 - __main__ - INFO - Loading and preparing DEM data...
2025-05-28 14:43:38,612 - __main__ - INFO - DEM Statistics:
2025-05-28 14:43:38,612 - __main__ - INFO -   Shape: (4800, 4000)
2025-05-28 14:43:38,612 - __main__ - INFO -   Min elevation: -292.64m
2025-05-28 14:43:38,625 - __main__ - INFO -   Max elevation: 731.89m
2025-05-28 14:43:38,636 - __main__ - INFO -   Mean elevation: 70.53m
2025-05-28 14:43:38,636 - __main__ - INFO -   Original CRS: EPSG:4326
2025-05-28 14:43:38,647 - __main__ - INFO - Processing scenario: Conservative (1.0m)
2025-05-28 14:43:38,647 - __main__ - INFO - Calculating flood extent for 1.0m sea level rise...
2025-05-28 14:43:38,685 - __main__ - INFO -   Flooded area: -1617.71 km²
2025-05-28 14:43:38,685 - __main__ - INFO -   Flood percentage: -1615.60%
2025-05-28 14:43:38,685 - __main__ - INFO - Processing scenario: Moderate (2.0m)
2025-05-28 14:43:38,685 - __main__ - INFO - Calculating flood extent for 2.0m sea level rise...
2025-05-28 14:43:38,732 - __main__ - INFO -   Flooded area: -1311.07 km²
2025-05-28 14:43:38,732 - __main__ - INFO -   Flood percentage: -1309.35%
2025-05-28 14:43:38,740 - __main__ - INFO - Processing scenario: Severe (3.0m)
2025-05-28 14:43:38,740 - __main__ - INFO - Calculating flood extent for 3.0m sea level rise...
2025-05-28 14:43:38,781 - __main__ - INFO -   Flooded area: -1084.49 km²
2025-05-28 14:43:38,781 - __main__ - INFO -   Flood percentage: -1083.07%
2025-05-28 14:43:38,781 - __main__ - INFO - Completed processing all scenarios
2025-05-28 14:43:38,781 - __main__ - INFO - Creating hazard assessment visualizations...
2025-05-28 14:43:44,981 - __main__ - INFO - Saved hazard assessment visualization to: output\hazard_layer_assessment.png
2025-05-28 14:45:05,494 - main - INFO - Initialized Hazard Layer with DEM: data\ClippedCopernicusHeightProfile.tif
2025-05-28 14:45:05,494 - main - INFO - Loading and preparing DEM data...
2025-05-28 14:45:05,578 - main - INFO - DEM Statistics:
2025-05-28 14:45:05,578 - main - INFO -   Shape: (4800, 4000)
2025-05-28 14:45:05,581 - main - INFO -   Min elevation: -292.64m
2025-05-28 14:45:05,582 - main - INFO -   Max elevation: 731.89m
2025-05-28 14:45:05,594 - main - INFO -   Mean elevation: 70.53m
2025-05-28 14:45:05,594 - main - INFO -   Original CRS: EPSG:4326
2025-05-28 14:58:58,121 - __main__ - INFO - Exporting hazard assessment results...
2025-05-28 14:58:58,216 - __main__ - INFO - Exported Conservative flood extent to: output\flood_extent_conservative.tif
2025-05-28 14:58:58,322 - __main__ - INFO - Exported Moderate flood extent to: output\flood_extent_moderate.tif
2025-05-28 14:58:58,420 - __main__ - INFO - Exported Severe flood extent to: output\flood_extent_severe.tif
2025-05-28 14:58:58,535 - __main__ - INFO - Exported summary statistics to: output\hazard_assessment_summary.csv
2025-05-28 14:58:58,551 - __main__ - INFO - 
========================================
2025-05-28 14:58:58,551 - __main__ - INFO - EXPOSITION LAYER ANALYSIS
2025-05-28 14:58:58,551 - __main__ - INFO - ========================================
2025-05-28 14:58:58,551 - __main__ - INFO - Exposition Layer initialized (placeholder)
2025-05-28 14:58:58,551 - __main__ - INFO - 
========================================
2025-05-28 14:58:58,551 - __main__ - INFO - RISK ASSESSMENT INTEGRATION
2025-05-28 14:58:58,551 - __main__ - INFO - ========================================
2025-05-28 14:58:58,551 - __main__ - INFO - Initialized Hazard Layer with DEM: data\ClippedCopernicusHeightProfile.tif
2025-05-28 14:58:58,551 - __main__ - INFO - Exposition Layer initialized (placeholder)
2025-05-28 14:58:58,551 - __main__ - INFO - Risk Assessment layer initialized
2025-05-28 14:58:58,551 - __main__ - INFO - 
============================================================
2025-05-28 14:58:58,551 - __main__ - INFO - ANALYSIS COMPLETE
2025-05-28 14:58:58,551 - __main__ - INFO - ============================================================
2025-05-28 14:58:58,551 - __main__ - INFO - Results saved to: output
2025-05-28 15:15:29,608 - __main__ - INFO - ============================================================
2025-05-28 15:15:29,608 - __main__ - INFO - EU CLIMATE RISK ASSESSMENT SYSTEM
2025-05-28 15:15:29,608 - __main__ - INFO - ============================================================
2025-05-28 15:15:29,608 - __main__ - INFO - Project initialized with data directory: data
2025-05-28 15:15:29,608 - __main__ - INFO - 
========================================
2025-05-28 15:15:29,608 - __main__ - INFO - HAZARD LAYER ANALYSIS
2025-05-28 15:15:29,608 - __main__ - INFO - ========================================
2025-05-28 15:15:29,608 - __main__ - INFO - Initialized Hazard Layer with DEM: data\ClippedCopernicusHeightProfile.tif
2025-05-28 15:15:29,608 - __main__ - INFO - Processing 3 sea level rise scenarios...
2025-05-28 15:15:29,608 - __main__ - INFO - Loading and preparing DEM data...
2025-05-28 15:15:29,852 - __main__ - INFO - DEM Statistics:
2025-05-28 15:15:29,852 - __main__ - INFO -   Shape: (4800, 4000)
2025-05-28 15:15:29,855 - __main__ - INFO -   Min elevation: -292.64m
2025-05-28 15:15:29,857 - __main__ - INFO -   Max elevation: 731.89m
2025-05-28 15:15:29,869 - __main__ - INFO -   Mean elevation: 70.53m
2025-05-28 15:15:29,870 - __main__ - INFO -   Original CRS: EPSG:4326
2025-05-28 15:15:29,882 - __main__ - INFO - Processing scenario: Conservative (1.0m)
2025-05-28 15:15:29,882 - __main__ - INFO - Calculating flood extent for 1.0m sea level rise...
2025-05-28 15:15:29,937 - __main__ - INFO -   Flooded area: -1617.71 km²
2025-05-28 15:15:29,937 - __main__ - INFO -   Flood percentage: -1615.60%
2025-05-28 15:15:29,943 - __main__ - INFO - Processing scenario: Moderate (2.0m)
2025-05-28 15:15:29,943 - __main__ - INFO - Calculating flood extent for 2.0m sea level rise...
2025-05-28 15:15:30,001 - __main__ - INFO -   Flooded area: -1311.07 km²
2025-05-28 15:15:30,001 - __main__ - INFO -   Flood percentage: -1309.35%
2025-05-28 15:15:30,010 - __main__ - INFO - Processing scenario: Severe (3.0m)
2025-05-28 15:15:30,010 - __main__ - INFO - Calculating flood extent for 3.0m sea level rise...
2025-05-28 15:15:30,053 - __main__ - INFO -   Flooded area: -1084.49 km²
2025-05-28 15:15:30,053 - __main__ - INFO -   Flood percentage: -1083.07%
2025-05-28 15:15:30,076 - __main__ - INFO - Completed processing all scenarios
2025-05-28 15:15:30,076 - __main__ - INFO - Creating hazard assessment visualizations...
2025-05-28 15:15:30,076 - __main__ - INFO - Loading NUTS boundaries from: NUTS-L3-NL.shp
2025-05-28 15:15:30,620 - __main__ - INFO -   Loaded 40 administrative units
2025-05-28 15:15:30,620 - __main__ - INFO -   Original CRS: EPSG:3035
2025-05-28 15:15:37,567 - __main__ - INFO - Saved hazard assessment visualization to: output\hazard_layer_assessment.png
2025-05-28 15:17:16,252 - __main__ - INFO - Exporting hazard assessment results...
2025-05-28 15:17:16,275 - rasterio._env - INFO - GDAL signalled an error: err_no=1, msg='Deleting output\\flood_extent_conservative.tif failed:\nPermission denied'
2025-05-28 15:17:16,284 - __main__ - ERROR - Error during analysis: Deleting output\flood_extent_conservative.tif failed: Permission denied
2025-05-28 15:17:56,859 - __main__ - INFO - ============================================================
2025-05-28 15:17:56,859 - __main__ - INFO - EU CLIMATE RISK ASSESSMENT SYSTEM
2025-05-28 15:17:56,859 - __main__ - INFO - ============================================================
2025-05-28 15:17:56,859 - __main__ - INFO - Project initialized with data directory: data
2025-05-28 15:17:56,859 - __main__ - INFO - 
========================================
2025-05-28 15:17:56,859 - __main__ - INFO - HAZARD LAYER ANALYSIS
2025-05-28 15:17:56,859 - __main__ - INFO - ========================================
2025-05-28 15:17:56,859 - __main__ - INFO - Initialized Hazard Layer with DEM: data\ClippedCopernicusHeightProfile.tif
2025-05-28 15:17:56,859 - __main__ - INFO - Processing 3 sea level rise scenarios...
2025-05-28 15:17:56,859 - __main__ - INFO - Loading and preparing DEM data...
2025-05-28 15:17:56,952 - __main__ - INFO - DEM Statistics:
2025-05-28 15:17:56,953 - __main__ - INFO -   Shape: (4800, 4000)
2025-05-28 15:17:56,955 - __main__ - INFO -   Min elevation: -292.64m
2025-05-28 15:17:56,957 - __main__ - INFO -   Max elevation: 731.89m
2025-05-28 15:17:56,969 - __main__ - INFO -   Mean elevation: 70.53m
2025-05-28 15:17:56,970 - __main__ - INFO -   Original CRS: EPSG:4326
2025-05-28 15:17:56,979 - __main__ - INFO - Processing scenario: Conservative (1.0m)
2025-05-28 15:17:56,980 - __main__ - INFO - Calculating flood extent for 1.0m sea level rise...
2025-05-28 15:17:57,013 - __main__ - INFO -   Flooded area: -1617.71 km²
2025-05-28 15:17:57,013 - __main__ - INFO -   Flood percentage: -1615.60%
2025-05-28 15:17:57,030 - __main__ - INFO - Processing scenario: Moderate (2.0m)
2025-05-28 15:17:57,030 - __main__ - INFO - Calculating flood extent for 2.0m sea level rise...
2025-05-28 15:17:57,068 - __main__ - INFO -   Flooded area: -1311.07 km²
2025-05-28 15:17:57,069 - __main__ - INFO -   Flood percentage: -1309.35%
2025-05-28 15:17:57,076 - __main__ - INFO - Processing scenario: Severe (3.0m)
2025-05-28 15:17:57,076 - __main__ - INFO - Calculating flood extent for 3.0m sea level rise...
2025-05-28 15:17:57,113 - __main__ - INFO -   Flooded area: -1084.49 km²
2025-05-28 15:17:57,114 - __main__ - INFO -   Flood percentage: -1083.07%
2025-05-28 15:17:57,114 - __main__ - INFO - Completed processing all scenarios
2025-05-28 15:17:57,114 - __main__ - INFO - Creating hazard assessment visualizations...
2025-05-28 15:17:57,114 - __main__ - INFO - Loading NUTS boundaries from: NUTS-L3-NL.shp
2025-05-28 15:17:57,153 - __main__ - INFO -   Loaded 40 administrative units
2025-05-28 15:17:57,153 - __main__ - INFO -   Original CRS: EPSG:3035
2025-05-28 15:18:03,767 - __main__ - INFO - Saved hazard assessment visualization to: output\hazard_layer_assessment.png
2025-05-28 15:19:19,667 - __main__ - INFO - ============================================================
2025-05-28 15:19:19,667 - __main__ - INFO - EU CLIMATE RISK ASSESSMENT SYSTEM
2025-05-28 15:19:19,667 - __main__ - INFO - ============================================================
2025-05-28 15:19:19,667 - __main__ - INFO - Project initialized with data directory: data
2025-05-28 15:19:19,667 - __main__ - INFO - 
========================================
2025-05-28 15:19:19,667 - __main__ - INFO - HAZARD LAYER ANALYSIS
2025-05-28 15:19:19,667 - __main__ - INFO - ========================================
2025-05-28 15:19:19,667 - __main__ - INFO - Initialized Hazard Layer with DEM: data\ClippedCopernicusHeightProfile.tif
2025-05-28 15:19:19,667 - __main__ - INFO - Processing 3 sea level rise scenarios...
2025-05-28 15:19:19,667 - __main__ - INFO - Loading and preparing DEM data...
2025-05-28 15:19:19,739 - __main__ - INFO - DEM Statistics:
2025-05-28 15:19:19,739 - __main__ - INFO -   Shape: (4800, 4000)
2025-05-28 15:19:19,739 - __main__ - INFO -   Min elevation: -292.64m
2025-05-28 15:19:19,753 - __main__ - INFO -   Max elevation: 731.89m
2025-05-28 15:19:19,761 - __main__ - INFO -   Mean elevation: 70.53m
2025-05-28 15:19:19,761 - __main__ - INFO -   Original CRS: EPSG:4326
2025-05-28 15:19:19,773 - __main__ - INFO - Processing scenario: Conservative (1.0m)
2025-05-28 15:19:19,774 - __main__ - INFO - Calculating flood extent for 1.0m sea level rise...
2025-05-28 15:19:19,807 - __main__ - INFO -   Flooded area: -1617.71 km²
2025-05-28 15:19:19,807 - __main__ - INFO -   Flood percentage: -1615.60%
2025-05-28 15:19:19,820 - __main__ - INFO - Processing scenario: Moderate (2.0m)
2025-05-28 15:19:19,821 - __main__ - INFO - Calculating flood extent for 2.0m sea level rise...
2025-05-28 15:19:19,858 - __main__ - INFO -   Flooded area: -1311.07 km²
2025-05-28 15:19:19,858 - __main__ - INFO -   Flood percentage: -1309.35%
2025-05-28 15:19:19,861 - __main__ - INFO - Processing scenario: Severe (3.0m)
2025-05-28 15:19:19,861 - __main__ - INFO - Calculating flood extent for 3.0m sea level rise...
2025-05-28 15:19:19,903 - __main__ - INFO -   Flooded area: -1084.49 km²
2025-05-28 15:19:19,904 - __main__ - INFO -   Flood percentage: -1083.07%
2025-05-28 15:19:19,910 - __main__ - INFO - Completed processing all scenarios
2025-05-28 15:19:19,910 - __main__ - INFO - Creating hazard assessment visualizations...
2025-05-28 15:19:19,912 - __main__ - INFO - Loading NUTS boundaries from: NUTS-L3-NL.shp
2025-05-28 15:19:19,945 - __main__ - INFO -   Loaded 40 administrative units
2025-05-28 15:19:19,945 - __main__ - INFO -   Original CRS: EPSG:3035
2025-05-28 15:19:26,113 - __main__ - INFO - Saved hazard assessment visualization to: output\hazard_layer_assessment.png
2025-05-28 15:19:59,778 - __main__ - INFO - Exporting hazard assessment results...
2025-05-28 15:19:59,782 - rasterio._env - INFO - GDAL signalled an error: err_no=1, msg='Deleting output\\flood_extent_conservative.tif failed:\nPermission denied'
2025-05-28 15:19:59,782 - __main__ - ERROR - Error during analysis: Deleting output\flood_extent_conservative.tif failed: Permission denied
2025-05-28 15:20:03,074 - __main__ - INFO - ============================================================
2025-05-28 15:20:03,075 - __main__ - INFO - EU CLIMATE RISK ASSESSMENT SYSTEM
2025-05-28 15:20:03,075 - __main__ - INFO - ============================================================
2025-05-28 15:20:03,075 - __main__ - INFO - Project initialized with data directory: data
2025-05-28 15:20:03,076 - __main__ - INFO - 
========================================
2025-05-28 15:20:03,076 - __main__ - INFO - HAZARD LAYER ANALYSIS
2025-05-28 15:20:03,076 - __main__ - INFO - ========================================
2025-05-28 15:20:03,076 - __main__ - INFO - Initialized Hazard Layer with DEM: data\ClippedCopernicusHeightProfile.tif
2025-05-28 15:20:03,076 - __main__ - INFO - Processing 3 sea level rise scenarios...
2025-05-28 15:20:03,076 - __main__ - INFO - Loading and preparing DEM data...
2025-05-28 15:20:03,154 - __main__ - INFO - DEM Statistics:
2025-05-28 15:20:03,154 - __main__ - INFO -   Shape: (4800, 4000)
2025-05-28 15:20:03,154 - __main__ - INFO -   Min elevation: -292.64m
2025-05-28 15:20:03,154 - __main__ - INFO -   Max elevation: 731.89m
2025-05-28 15:20:03,174 - __main__ - INFO -   Mean elevation: 70.53m
2025-05-28 15:20:03,174 - __main__ - INFO -   Original CRS: EPSG:4326
2025-05-28 15:20:03,180 - __main__ - INFO - Processing scenario: Conservative (1.0m)
2025-05-28 15:20:03,180 - __main__ - INFO - Calculating flood extent for 1.0m sea level rise...
2025-05-28 15:20:03,224 - __main__ - INFO -   Flooded area: -1617.71 km²
2025-05-28 15:20:03,224 - __main__ - INFO -   Flood percentage: -1615.60%
2025-05-28 15:20:03,227 - __main__ - INFO - Processing scenario: Moderate (2.0m)
2025-05-28 15:20:03,227 - __main__ - INFO - Calculating flood extent for 2.0m sea level rise...
2025-05-28 15:20:03,269 - __main__ - INFO -   Flooded area: -1311.07 km²
2025-05-28 15:20:03,270 - __main__ - INFO -   Flood percentage: -1309.35%
2025-05-28 15:20:03,276 - __main__ - INFO - Processing scenario: Severe (3.0m)
2025-05-28 15:20:03,277 - __main__ - INFO - Calculating flood extent for 3.0m sea level rise...
2025-05-28 15:20:03,311 - __main__ - INFO -   Flooded area: -1084.49 km²
2025-05-28 15:20:03,311 - __main__ - INFO -   Flood percentage: -1083.07%
2025-05-28 15:20:03,321 - __main__ - INFO - Completed processing all scenarios
2025-05-28 15:20:03,321 - __main__ - INFO - Creating hazard assessment visualizations...
2025-05-28 15:20:03,322 - __main__ - INFO - Loading NUTS boundaries from: NUTS-L3-NL.shp
2025-05-28 15:20:03,357 - __main__ - INFO -   Loaded 40 administrative units
2025-05-28 15:20:03,358 - __main__ - INFO -   Original CRS: EPSG:3035
2025-05-28 15:20:09,509 - __main__ - INFO - Saved hazard assessment visualization to: output\hazard_layer_assessment.png
2025-05-28 15:20:59,737 - __main__ - INFO - Exporting hazard assessment results...
2025-05-28 15:20:59,740 - rasterio._env - INFO - GDAL signalled an error: err_no=1, msg='Deleting output\\flood_extent_conservative.tif failed:\nPermission denied'
2025-05-28 15:20:59,740 - __main__ - ERROR - Error during analysis: Deleting output\flood_extent_conservative.tif failed: Permission denied
2025-05-28 15:21:03,600 - __main__ - INFO - ============================================================
2025-05-28 15:21:03,600 - __main__ - INFO - EU CLIMATE RISK ASSESSMENT SYSTEM
2025-05-28 15:21:03,600 - __main__ - INFO - ============================================================
2025-05-28 15:21:03,600 - __main__ - INFO - Project initialized with data directory: data
2025-05-28 15:21:03,600 - __main__ - INFO - 
========================================
2025-05-28 15:21:03,600 - __main__ - INFO - HAZARD LAYER ANALYSIS
2025-05-28 15:21:03,600 - __main__ - INFO - ========================================
2025-05-28 15:21:03,600 - __main__ - INFO - Initialized Hazard Layer with DEM: data\ClippedCopernicusHeightProfile.tif
2025-05-28 15:21:03,600 - __main__ - INFO - Processing 3 sea level rise scenarios...
2025-05-28 15:21:03,600 - __main__ - INFO - Loading and preparing DEM data...
2025-05-28 15:21:03,686 - __main__ - INFO - DEM Statistics:
2025-05-28 15:21:03,686 - __main__ - INFO -   Shape: (4800, 4000)
2025-05-28 15:21:03,689 - __main__ - INFO -   Min elevation: -292.64m
2025-05-28 15:21:03,691 - __main__ - INFO -   Max elevation: 731.89m
2025-05-28 15:21:03,702 - __main__ - INFO -   Mean elevation: 70.53m
2025-05-28 15:21:03,703 - __main__ - INFO -   Original CRS: EPSG:4326
2025-05-28 15:21:03,712 - __main__ - INFO - Processing scenario: Conservative (1.0m)
2025-05-28 15:21:03,712 - __main__ - INFO - Calculating flood extent for 1.0m sea level rise...
2025-05-28 15:21:03,752 - __main__ - INFO -   Flooded area: -1617.71 km²
2025-05-28 15:21:03,753 - __main__ - INFO -   Flood percentage: -1615.60%
2025-05-28 15:21:03,759 - __main__ - INFO - Processing scenario: Moderate (2.0m)
2025-05-28 15:21:03,759 - __main__ - INFO - Calculating flood extent for 2.0m sea level rise...
2025-05-28 15:21:03,792 - __main__ - INFO -   Flooded area: -1311.07 km²
2025-05-28 15:21:03,792 - __main__ - INFO -   Flood percentage: -1309.35%
2025-05-28 15:21:03,803 - __main__ - INFO - Processing scenario: Severe (3.0m)
2025-05-28 15:21:03,803 - __main__ - INFO - Calculating flood extent for 3.0m sea level rise...
2025-05-28 15:21:03,842 - __main__ - INFO -   Flooded area: -1084.49 km²
2025-05-28 15:21:03,842 - __main__ - INFO -   Flood percentage: -1083.07%
2025-05-28 15:21:03,848 - __main__ - INFO - Completed processing all scenarios
2025-05-28 15:21:03,848 - __main__ - INFO - Creating hazard assessment visualizations...
2025-05-28 15:21:03,851 - __main__ - INFO - Loading NUTS boundaries from: NUTS-L3-NL.shp
2025-05-28 15:21:03,885 - __main__ - INFO -   Loaded 40 administrative units
2025-05-28 15:21:03,886 - __main__ - INFO -   Original CRS: EPSG:3035
2025-05-28 15:21:10,044 - __main__ - INFO - Saved hazard assessment visualization to: output\hazard_layer_assessment.png
2025-05-28 15:22:06,722 - __main__ - INFO - Exporting hazard assessment results...
2025-05-28 15:22:06,724 - rasterio._env - INFO - GDAL signalled an error: err_no=1, msg='Deleting output\\flood_extent_conservative.tif failed:\nPermission denied'
2025-05-28 15:22:06,724 - __main__ - ERROR - Error during analysis: Deleting output\flood_extent_conservative.tif failed: Permission denied
2025-05-28 15:48:54,923 - __main__ - INFO - ============================================================
2025-05-28 15:48:54,924 - __main__ - INFO - EU CLIMATE RISK ASSESSMENT SYSTEM
2025-05-28 15:48:54,924 - __main__ - INFO - ============================================================
2025-05-28 15:48:54,925 - __main__ - INFO - Project initialized with data directory: data
2025-05-28 15:48:54,925 - __main__ - INFO - 
========================================
2025-05-28 15:48:54,925 - __main__ - INFO - HAZARD LAYER ANALYSIS
2025-05-28 15:48:54,925 - __main__ - INFO - ========================================
2025-05-28 15:48:54,926 - __main__ - INFO - Initialized Hazard Layer with DEM: data\ClippedCopernicusHeightProfile.tif
2025-05-28 15:48:54,926 - __main__ - INFO - Processing 3 sea level rise scenarios...
2025-05-28 15:48:54,926 - __main__ - INFO - Loading and preparing DEM data...
2025-05-28 15:48:55,203 - __main__ - INFO - DEM Statistics:
2025-05-28 15:48:55,203 - __main__ - INFO -   Shape: (4800, 4000)
2025-05-28 15:48:55,207 - __main__ - INFO -   Min elevation: -292.64m
2025-05-28 15:48:55,210 - __main__ - INFO -   Max elevation: 731.89m
2025-05-28 15:48:55,226 - __main__ - INFO -   Mean elevation: 70.53m
2025-05-28 15:48:55,227 - __main__ - INFO -   Original CRS: EPSG:4326
2025-05-28 15:48:55,242 - __main__ - INFO - Processing scenario: Conservative (1.0m)
2025-05-28 15:48:55,242 - __main__ - INFO - Calculating flood extent for 1.0m sea level rise...
2025-05-28 15:48:55,304 - __main__ - INFO -   Flooded area: -1617.71 km²
2025-05-28 15:48:55,304 - __main__ - INFO -   Flood percentage: -1615.60%
2025-05-28 15:48:55,319 - __main__ - INFO - Processing scenario: Moderate (2.0m)
2025-05-28 15:48:55,319 - __main__ - INFO - Calculating flood extent for 2.0m sea level rise...
2025-05-28 15:48:55,381 - __main__ - INFO -   Flooded area: -1311.07 km²
2025-05-28 15:48:55,382 - __main__ - INFO -   Flood percentage: -1309.35%
2025-05-28 15:48:55,392 - __main__ - INFO - Processing scenario: Severe (3.0m)
2025-05-28 15:48:55,392 - __main__ - INFO - Calculating flood extent for 3.0m sea level rise...
2025-05-28 15:48:55,448 - __main__ - INFO -   Flooded area: -1084.49 km²
2025-05-28 15:48:55,449 - __main__ - INFO -   Flood percentage: -1083.07%
2025-05-28 15:48:55,458 - __main__ - INFO - Completed processing all scenarios
2025-05-28 15:48:55,459 - __main__ - INFO - Creating hazard assessment visualizations...
2025-05-28 15:48:55,459 - __main__ - INFO - Loading NUTS boundaries from: NUTS-L3-NL.shp
2025-05-28 15:48:55,702 - __main__ - INFO -   Loaded 40 administrative units
2025-05-28 15:48:55,703 - __main__ - INFO -   Original CRS: EPSG:3035
2025-05-28 15:49:06,650 - __main__ - INFO - Saved hazard assessment visualization to: output\hazard_layer_assessment.png
2025-05-28 15:55:26,279 - __main__ - INFO - Exporting hazard assessment results...
2025-05-28 15:55:26,285 - rasterio._env - INFO - GDAL signalled an error: err_no=1, msg='Deleting output\\flood_extent_conservative.tif failed:\nPermission denied'
2025-05-28 15:55:26,285 - __main__ - ERROR - Error during analysis: Deleting output\flood_extent_conservative.tif failed: Permission denied
2025-05-28 16:03:37,004 - __main__ - INFO - ============================================================
2025-05-28 16:03:37,005 - __main__ - INFO - EU CLIMATE RISK ASSESSMENT SYSTEM
2025-05-28 16:03:37,005 - __main__ - INFO - ============================================================
2025-05-28 16:03:37,006 - __main__ - INFO - Project initialized with data directory: data
2025-05-28 16:03:37,007 - __main__ - INFO - 
========================================
2025-05-28 16:03:37,008 - __main__ - INFO - HAZARD LAYER ANALYSIS
2025-05-28 16:03:37,008 - __main__ - INFO - ========================================
2025-05-28 16:03:37,008 - __main__ - INFO - Initialized Hazard Layer with DEM: data\ClippedCopernicusHeightProfile.tif
2025-05-28 16:03:37,010 - __main__ - INFO - Processing 3 sea level rise scenarios...
2025-05-28 16:03:37,010 - __main__ - INFO - Loading and preparing DEM data...
2025-05-28 16:03:37,206 - __main__ - INFO - DEM Statistics:
2025-05-28 16:03:37,206 - __main__ - INFO -   Shape: (4800, 4000)
2025-05-28 16:03:37,210 - __main__ - INFO -   Min elevation (clipped): -25.00m
2025-05-28 16:03:37,214 - __main__ - INFO -   Max elevation (clipped): 50.00m
2025-05-28 16:03:37,234 - __main__ - INFO -   Mean elevation: 20.51m
2025-05-28 16:03:37,234 - __main__ - INFO -   Original CRS: EPSG:4326
2025-05-28 16:03:37,250 - __main__ - INFO - Processing scenario: Conservative (1.0m)
2025-05-28 16:03:37,250 - __main__ - INFO - Calculating flood extent for 1.0m sea level rise...
2025-05-28 16:03:37,317 - __main__ - INFO -   Flooded area: -1617.71 km²
2025-05-28 16:03:37,317 - __main__ - INFO -   Flood percentage: -1615.60%
2025-05-28 16:03:37,330 - __main__ - INFO - Processing scenario: Moderate (2.0m)
2025-05-28 16:03:37,330 - __main__ - INFO - Calculating flood extent for 2.0m sea level rise...
2025-05-28 16:03:37,403 - __main__ - INFO -   Flooded area: -1311.07 km²
2025-05-28 16:03:37,404 - __main__ - INFO -   Flood percentage: -1309.35%
2025-05-28 16:03:37,417 - __main__ - INFO - Processing scenario: Severe (3.0m)
2025-05-28 16:03:37,418 - __main__ - INFO - Calculating flood extent for 3.0m sea level rise...
2025-05-28 16:03:37,475 - __main__ - INFO -   Flooded area: -1084.49 km²
2025-05-28 16:03:37,475 - __main__ - INFO -   Flood percentage: -1083.07%
2025-05-28 16:03:37,490 - __main__ - INFO - Completed processing all scenarios
2025-05-28 16:03:37,490 - __main__ - INFO - Creating hazard assessment visualizations...
2025-05-28 16:03:37,491 - __main__ - INFO - Loading NUTS boundaries from: NUTS-L3-NL.shp
2025-05-28 16:03:37,570 - __main__ - INFO -   Loaded 40 administrative units
2025-05-28 16:03:37,571 - __main__ - INFO -   Original CRS: EPSG:3035
2025-05-28 16:03:48,345 - __main__ - INFO - Saved hazard assessment visualization to: output\hazard_layer_assessment.png
2025-05-28 16:04:56,397 - __main__ - INFO - Exporting hazard assessment results...
2025-05-28 16:04:56,401 - rasterio._env - INFO - GDAL signalled an error: err_no=1, msg='Deleting output\\flood_extent_conservative.tif failed:\nPermission denied'
2025-05-28 16:04:56,401 - __main__ - ERROR - Error during analysis: Deleting output\flood_extent_conservative.tif failed: Permission denied
2025-05-28 16:40:11,346 - __main__ - INFO - ============================================================
2025-05-28 16:40:11,347 - __main__ - INFO - EU CLIMATE RISK ASSESSMENT SYSTEM
2025-05-28 16:40:11,347 - __main__ - INFO - ============================================================
2025-05-28 16:40:11,347 - __main__ - INFO - Project initialized with data directory: data
2025-05-28 16:40:11,347 - __main__ - INFO - 
========================================
2025-05-28 16:40:11,347 - __main__ - INFO - HAZARD LAYER ANALYSIS
2025-05-28 16:40:11,347 - __main__ - INFO - ========================================
2025-05-28 16:40:11,347 - __main__ - INFO - Initialized Hazard Layer with DEM: data\ClippedCopernicusHeightProfile.tif
2025-05-28 16:40:11,347 - __main__ - INFO - Processing 3 sea level rise scenarios...
2025-05-28 16:40:11,347 - __main__ - INFO - Loading and preparing DEM data...
2025-05-28 16:40:11,628 - __main__ - INFO - DEM Statistics:
2025-05-28 16:40:11,630 - __main__ - INFO -   Shape: (4800, 4000)
2025-05-28 16:40:11,633 - __main__ - INFO -   Min elevation (clipped): -25.00m
2025-05-28 16:40:11,635 - __main__ - INFO -   Max elevation (clipped): 50.00m
2025-05-28 16:40:11,646 - __main__ - INFO -   Mean elevation: 20.51m
2025-05-28 16:40:11,647 - __main__ - INFO -   Original CRS: EPSG:4326
2025-05-28 16:40:11,659 - __main__ - INFO - Processing scenario: Conservative (1.0m)
2025-05-28 16:40:11,659 - __main__ - INFO - Calculating flood extent for 1.0m sea level rise...
2025-05-28 16:40:11,700 - __main__ - INFO -   Flooded area: 6972.22 km²
2025-05-28 16:40:11,700 - __main__ - INFO -   Flood percentage: 40.35%
2025-05-28 16:40:11,707 - __main__ - INFO - Processing scenario: Moderate (2.0m)
2025-05-28 16:40:11,707 - __main__ - INFO - Calculating flood extent for 2.0m sea level rise...
2025-05-28 16:40:11,748 - __main__ - INFO -   Flooded area: 7278.87 km²
2025-05-28 16:40:11,748 - __main__ - INFO -   Flood percentage: 42.12%
2025-05-28 16:40:11,757 - __main__ - INFO - Processing scenario: Severe (3.0m)
2025-05-28 16:40:11,757 - __main__ - INFO - Calculating flood extent for 3.0m sea level rise...
2025-05-28 16:40:11,798 - __main__ - INFO -   Flooded area: 7505.44 km²
2025-05-28 16:40:11,798 - __main__ - INFO -   Flood percentage: 43.43%
2025-05-28 16:40:11,798 - __main__ - INFO - Completed processing all scenarios
2025-05-28 16:40:11,798 - __main__ - INFO - Creating hazard assessment visualizations...
2025-05-28 16:40:11,798 - __main__ - INFO - Loading NUTS boundaries from: NUTS-L3-NL.shp
2025-05-28 16:40:12,499 - __main__ - INFO -   Loaded 40 administrative units
2025-05-28 16:40:12,499 - __main__ - INFO -   Original CRS: EPSG:3035
2025-05-28 16:40:20,447 - __main__ - INFO - Saved hazard assessment visualization to: output\hazard_layer_assessment.png
2025-05-28 16:42:54,579 - __main__ - INFO - Exporting hazard assessment results...
2025-05-28 16:42:54,595 - rasterio._env - INFO - GDAL signalled an error: err_no=1, msg='Deleting output\\flood_extent_conservative.tif failed:\nPermission denied'
2025-05-28 16:42:54,595 - __main__ - ERROR - Error during analysis: Deleting output\flood_extent_conservative.tif failed: Permission denied
